<?xml version="1.0" encoding="UTF-8"?>
<!-- Generated by org.testng.reporters.JUnitReportReporter -->
<testsuite hostname="NX00441" failures="0" tests="4" name="nextbridge.com_VisualValidation_MainCode.mainPage" time="9.890" errors="0" timestamp="2020-03-02T12:47:35 PKT" skipped="0">
  <testcase classname="nextbridge.com_VisualValidation_MainCode.mainPage" name="mainPageOpening" time="8.776"/>
  <testcase classname="nextbridge.com_VisualValidation_MainCode.mainPage" name="servicesHover" time="0.560"/>
  <testcase classname="nextbridge.com_VisualValidation_MainCode.mainPage" name="technologiesHover" time="0.285"/>
  <testcase classname="nextbridge.com_VisualValidation_MainCode.mainPage" name="looInsideHover" time="0.269"/>
</testsuite> <!-- nextbridge.com_VisualValidation_MainCode.mainPage -->
